2025-08-15T11:45:05.146+05:30  INFO [RequestBloodService,,] 16532 --- [RequestBloodService] [restartedMain] [                                                 ] c.e.user.RequestBloodServiceApplication  : Starting RequestBloodServiceApplication using Java 21.0.7 with PID 16532 (C:\Users\surface\Documents\workspace-spring-tools-for-eclipse-4.31.0.RELEASE\RequestBloodService\target\classes started by surface in C:\Users\surface\Documents\workspace-spring-tools-for-eclipse-4.31.0.RELEASE\RequestBloodService)
2025-08-15T11:45:05.175+05:30  INFO [RequestBloodService,,] 16532 --- [RequestBloodService] [restartedMain] [                                                 ] c.e.user.RequestBloodServiceApplication  : No active profile set, falling back to 1 default profile: "default"
2025-08-15T11:45:05.323+05:30  INFO [RequestBloodService,,] 16532 --- [RequestBloodService] [restartedMain] [                                                 ] o.s.c.c.c.ConfigServerConfigDataLoader   : Fetching config from server at : http://localhost:9092
2025-08-15T11:45:05.323+05:30  INFO [RequestBloodService,,] 16532 --- [RequestBloodService] [restartedMain] [                                                 ] o.s.c.c.c.ConfigServerConfigDataLoader   : Exception on Url - http://localhost:9092:org.springframework.web.client.ResourceAccessException: I/O error on GET request for "http://localhost:9092/RequestBloodService/default": Connection refused: getsockopt. Will be trying the next url if available
2025-08-15T11:45:05.324+05:30  WARN [RequestBloodService,,] 16532 --- [RequestBloodService] [restartedMain] [                                                 ] o.s.c.c.c.ConfigServerConfigDataLoader   : Could not locate PropertySource ([ConfigServerConfigDataResource@793b151d uris = array<String>['http://localhost:9092'], optional = true, profiles = 'default']): I/O error on GET request for "http://localhost:9092/RequestBloodService/default": Connection refused: getsockopt
2025-08-15T11:45:05.324+05:30  INFO [RequestBloodService,,] 16532 --- [RequestBloodService] [restartedMain] [                                                 ] o.s.c.c.c.ConfigServerConfigDataLoader   : Fetching config from server at : http://localhost:9092
2025-08-15T11:45:05.324+05:30  INFO [RequestBloodService,,] 16532 --- [RequestBloodService] [restartedMain] [                                                 ] o.s.c.c.c.ConfigServerConfigDataLoader   : Exception on Url - http://localhost:9092:org.springframework.web.client.ResourceAccessException: I/O error on GET request for "http://localhost:9092/RequestBloodService/default": Connection refused: getsockopt. Will be trying the next url if available
2025-08-15T11:45:05.324+05:30  WARN [RequestBloodService,,] 16532 --- [RequestBloodService] [restartedMain] [                                                 ] o.s.c.c.c.ConfigServerConfigDataLoader   : Could not locate PropertySource ([ConfigServerConfigDataResource@44e8c8c4 uris = array<String>['http://localhost:9092'], optional = true, profiles = 'default']): I/O error on GET request for "http://localhost:9092/RequestBloodService/default": Connection refused: getsockopt
2025-08-15T11:45:05.324+05:30  INFO [RequestBloodService,,] 16532 --- [RequestBloodService] [restartedMain] [                                                 ] o.s.c.c.c.ConfigServerConfigDataLoader   : Fetching config from server at : http://localhost:9092
2025-08-15T11:45:05.325+05:30  INFO [RequestBloodService,,] 16532 --- [RequestBloodService] [restartedMain] [                                                 ] o.s.c.c.c.ConfigServerConfigDataLoader   : Exception on Url - http://localhost:9092:org.springframework.web.client.ResourceAccessException: I/O error on GET request for "http://localhost:9092/RequestBloodService/default": Connection refused: getsockopt. Will be trying the next url if available
2025-08-15T11:45:05.325+05:30  WARN [RequestBloodService,,] 16532 --- [RequestBloodService] [restartedMain] [                                                 ] o.s.c.c.c.ConfigServerConfigDataLoader   : Could not locate PropertySource ([ConfigServerConfigDataResource@68bca469 uris = array<String>['http://localhost:9092'], optional = true, profiles = 'default']): I/O error on GET request for "http://localhost:9092/RequestBloodService/default": Connection refused: getsockopt
2025-08-15T11:45:05.331+05:30  INFO [RequestBloodService,,] 16532 --- [RequestBloodService] [restartedMain] [                                                 ] .e.DevToolsPropertyDefaultsPostProcessor : Devtools property defaults active! Set 'spring.devtools.add-properties' to 'false' to disable
2025-08-15T11:45:05.331+05:30  INFO [RequestBloodService,,] 16532 --- [RequestBloodService] [restartedMain] [                                                 ] .e.DevToolsPropertyDefaultsPostProcessor : For additional web related logging consider setting the 'logging.level.web' property to 'DEBUG'
2025-08-15T11:45:09.771+05:30  INFO [RequestBloodService,,] 16532 --- [RequestBloodService] [restartedMain] [                                                 ] .s.d.r.c.RepositoryConfigurationDelegate : Bootstrapping Spring Data JPA repositories in DEFAULT mode.
2025-08-15T11:45:10.140+05:30  INFO [RequestBloodService,,] 16532 --- [RequestBloodService] [restartedMain] [                                                 ] .s.d.r.c.RepositoryConfigurationDelegate : Finished Spring Data repository scanning in 345 ms. Found 1 JPA repository interface.
2025-08-15T11:45:11.049+05:30  INFO [RequestBloodService,,] 16532 --- [RequestBloodService] [restartedMain] [                                                 ] o.s.cloud.context.scope.GenericScope     : BeanFactory id=57e1b8af-f316-3c12-b459-665871ec4067
2025-08-15T11:45:14.582+05:30  INFO [RequestBloodService,,] 16532 --- [RequestBloodService] [restartedMain] [                                                 ] o.s.b.w.embedded.tomcat.TomcatWebServer  : Tomcat initialized with port 8082 (http)
2025-08-15T11:45:14.660+05:30  INFO [RequestBloodService,,] 16532 --- [RequestBloodService] [restartedMain] [                                                 ] o.apache.catalina.core.StandardService   : Starting service [Tomcat]
2025-08-15T11:45:14.662+05:30  INFO [RequestBloodService,,] 16532 --- [RequestBloodService] [restartedMain] [                                                 ] o.apache.catalina.core.StandardEngine    : Starting Servlet engine: [Apache Tomcat/10.1.43]
2025-08-15T11:45:15.056+05:30  INFO [RequestBloodService,,] 16532 --- [RequestBloodService] [restartedMain] [                                                 ] o.a.c.c.C.[Tomcat].[localhost].[/]       : Initializing Spring embedded WebApplicationContext
2025-08-15T11:45:15.056+05:30  INFO [RequestBloodService,,] 16532 --- [RequestBloodService] [restartedMain] [                                                 ] w.s.c.ServletWebServerApplicationContext : Root WebApplicationContext: initialization completed in 9723 ms
2025-08-15T11:45:19.042+05:30  INFO [RequestBloodService,,] 16532 --- [RequestBloodService] [restartedMain] [                                                 ] o.hibernate.jpa.internal.util.LogHelper  : HHH000204: Processing PersistenceUnitInfo [name: default]
2025-08-15T11:45:19.303+05:30  INFO [RequestBloodService,,] 16532 --- [RequestBloodService] [restartedMain] [                                                 ] org.hibernate.Version                    : HHH000412: Hibernate ORM core version 6.6.22.Final
2025-08-15T11:45:19.458+05:30  INFO [RequestBloodService,,] 16532 --- [RequestBloodService] [restartedMain] [                                                 ] o.h.c.internal.RegionFactoryInitiator    : HHH000026: Second-level cache disabled
2025-08-15T11:45:20.606+05:30  INFO [RequestBloodService,,] 16532 --- [RequestBloodService] [restartedMain] [                                                 ] o.s.o.j.p.SpringPersistenceUnitInfo      : No LoadTimeWeaver setup: ignoring JPA class transformer
2025-08-15T11:45:20.741+05:30  INFO [RequestBloodService,,] 16532 --- [RequestBloodService] [restartedMain] [                                                 ] com.zaxxer.hikari.HikariDataSource       : HikariPool-1 - Starting...
2025-08-15T11:45:21.703+05:30  INFO [RequestBloodService,,] 16532 --- [RequestBloodService] [restartedMain] [                                                 ] com.zaxxer.hikari.pool.HikariPool        : HikariPool-1 - Added connection com.mysql.cj.jdbc.ConnectionImpl@ee33621
2025-08-15T11:45:21.709+05:30  INFO [RequestBloodService,,] 16532 --- [RequestBloodService] [restartedMain] [                                                 ] com.zaxxer.hikari.HikariDataSource       : HikariPool-1 - Start completed.
2025-08-15T11:45:21.915+05:30  WARN [RequestBloodService,,] 16532 --- [RequestBloodService] [restartedMain] [                                                 ] org.hibernate.orm.deprecation            : HHH90000025: MySQL8Dialect does not need to be specified explicitly using 'hibernate.dialect' (remove the property setting and it will be selected by default)
2025-08-15T11:45:21.918+05:30  WARN [RequestBloodService,,] 16532 --- [RequestBloodService] [restartedMain] [                                                 ] org.hibernate.orm.deprecation            : HHH90000026: MySQL8Dialect has been deprecated; use org.hibernate.dialect.MySQLDialect instead
2025-08-15T11:45:22.008+05:30  INFO [RequestBloodService,,] 16532 --- [RequestBloodService] [restartedMain] [                                                 ] org.hibernate.orm.connections.pooling    : HHH10001005: Database info:
	Database JDBC URL [Connecting through datasource 'HikariDataSource (HikariPool-1)']
	Database driver: undefined/unknown
	Database version: 8.0
	Autocommit mode: undefined/unknown
	Isolation level: undefined/unknown
	Minimum pool size: undefined/unknown
	Maximum pool size: undefined/unknown
2025-08-15T11:45:25.214+05:30  INFO [RequestBloodService,,] 16532 --- [RequestBloodService] [restartedMain] [                                                 ] o.h.e.t.j.p.i.JtaPlatformInitiator       : HHH000489: No JTA platform available (set 'hibernate.transaction.jta.platform' to enable JTA platform integration)
2025-08-15T11:45:25.400+05:30  INFO [RequestBloodService,,] 16532 --- [RequestBloodService] [restartedMain] [                                                 ] j.LocalContainerEntityManagerFactoryBean : Initialized JPA EntityManagerFactory for persistence unit 'default'
2025-08-15T11:45:26.809+05:30  WARN [RequestBloodService,,] 16532 --- [RequestBloodService] [restartedMain] [                                                 ] JpaBaseConfiguration$JpaWebConfiguration : spring.jpa.open-in-view is enabled by default. Therefore, database queries may be performed during view rendering. Explicitly configure spring.jpa.open-in-view to disable this warning
2025-08-15T11:45:31.660+05:30  WARN [RequestBloodService,,] 16532 --- [RequestBloodService] [restartedMain] [                                                 ] o.s.b.d.a.OptionalLiveReloadServer       : Unable to start LiveReload server
2025-08-15T11:45:31.859+05:30  INFO [RequestBloodService,,] 16532 --- [RequestBloodService] [restartedMain] [                                                 ] DiscoveryClientOptionalArgsConfiguration : Eureka HTTP Client uses RestTemplate.
2025-08-15T11:45:32.057+05:30  WARN [RequestBloodService,,] 16532 --- [RequestBloodService] [restartedMain] [                                                 ] iguration$LoadBalancerCaffeineWarnLogger : Spring Cloud LoadBalancer is currently working with the default cache. While this cache implementation is useful for development and tests, it's recommended to use Caffeine cache in production.You can switch to using Caffeine cache, by adding it and org.springframework.cache.caffeine.CaffeineCacheManager to the classpath.
2025-08-15T11:45:32.160+05:30  INFO [RequestBloodService,,] 16532 --- [RequestBloodService] [restartedMain] [                                                 ] o.s.b.a.e.web.EndpointLinksResolver      : Exposing 1 endpoint beneath base path '/actuator'
2025-08-15T11:45:32.382+05:30  INFO [RequestBloodService,,] 16532 --- [RequestBloodService] [restartedMain] [                                                 ] o.s.c.n.eureka.InstanceInfoFactory       : Setting initial instance status as: STARTING
2025-08-15T11:45:32.439+05:30  INFO [RequestBloodService,,] 16532 --- [RequestBloodService] [restartedMain] [                                                 ] com.netflix.discovery.DiscoveryClient    : Initializing Eureka in region us-east-1
2025-08-15T11:45:32.449+05:30  INFO [RequestBloodService,,] 16532 --- [RequestBloodService] [restartedMain] [                                                 ] c.n.d.s.r.aws.ConfigClusterResolver      : Resolving eureka endpoints via configuration
2025-08-15T11:45:32.471+05:30  INFO [RequestBloodService,,] 16532 --- [RequestBloodService] [restartedMain] [                                                 ] com.netflix.discovery.DiscoveryClient    : Disable delta property : false
2025-08-15T11:45:32.472+05:30  INFO [RequestBloodService,,] 16532 --- [RequestBloodService] [restartedMain] [                                                 ] com.netflix.discovery.DiscoveryClient    : Single vip registry refresh property : null
2025-08-15T11:45:32.472+05:30  INFO [RequestBloodService,,] 16532 --- [RequestBloodService] [restartedMain] [                                                 ] com.netflix.discovery.DiscoveryClient    : Force full registry fetch : false
2025-08-15T11:45:32.472+05:30  INFO [RequestBloodService,,] 16532 --- [RequestBloodService] [restartedMain] [                                                 ] com.netflix.discovery.DiscoveryClient    : Application is null : false
2025-08-15T11:45:32.472+05:30  INFO [RequestBloodService,,] 16532 --- [RequestBloodService] [restartedMain] [                                                 ] com.netflix.discovery.DiscoveryClient    : Registered Applications size is zero : true
2025-08-15T11:45:32.473+05:30  INFO [RequestBloodService,,] 16532 --- [RequestBloodService] [restartedMain] [                                                 ] com.netflix.discovery.DiscoveryClient    : Application version is -1: true
2025-08-15T11:45:32.473+05:30  INFO [RequestBloodService,,] 16532 --- [RequestBloodService] [restartedMain] [                                                 ] com.netflix.discovery.DiscoveryClient    : Getting all instance registry info from the eureka server
2025-08-15T11:45:32.970+05:30  INFO [RequestBloodService,,] 16532 --- [RequestBloodService] [restartedMain] [                                                 ] com.netflix.discovery.DiscoveryClient    : The response status is 200
2025-08-15T11:45:32.974+05:30  INFO [RequestBloodService,,] 16532 --- [RequestBloodService] [restartedMain] [                                                 ] com.netflix.discovery.DiscoveryClient    : Starting heartbeat executor: renew interval is: 30
2025-08-15T11:45:32.978+05:30  INFO [RequestBloodService,,] 16532 --- [RequestBloodService] [restartedMain] [                                                 ] c.n.discovery.InstanceInfoReplicator     : InstanceInfoReplicator onDemand update allowed rate per min is 4
2025-08-15T11:45:32.980+05:30  INFO [RequestBloodService,,] 16532 --- [RequestBloodService] [restartedMain] [                                                 ] com.netflix.discovery.DiscoveryClient    : Discovery Client initialized at timestamp 1755238532980 with initial instances count: 4
2025-08-15T11:45:33.006+05:30  INFO [RequestBloodService,,] 16532 --- [RequestBloodService] [restartedMain] [                                                 ] o.s.c.n.e.s.EurekaServiceRegistry        : Registering application REQUESTBLOODSERVICE with eureka with status UP
2025-08-15T11:45:33.007+05:30  INFO [RequestBloodService,,] 16532 --- [RequestBloodService] [restartedMain] [                                                 ] com.netflix.discovery.DiscoveryClient    : Saw local status change event StatusChangeEvent [timestamp=1755238533007, current=UP, previous=STARTING]
2025-08-15T11:45:33.011+05:30  INFO [RequestBloodService,,] 16532 --- [RequestBloodService] [DiscoveryClient-InstanceInfoReplicator-%d] [                                                 ] com.netflix.discovery.DiscoveryClient    : DiscoveryClient_REQUESTBLOODSERVICE/192.168.1.2:RequestBloodService:8082: registering service...
2025-08-15T11:45:33.040+05:30  INFO [RequestBloodService,,] 16532 --- [RequestBloodService] [restartedMain] [                                                 ] o.s.b.w.embedded.tomcat.TomcatWebServer  : Tomcat started on port 8082 (http) with context path '/'
2025-08-15T11:45:33.043+05:30  INFO [RequestBloodService,,] 16532 --- [RequestBloodService] [restartedMain] [                                                 ] .s.c.n.e.s.EurekaAutoServiceRegistration : Updating port to 8082
2025-08-15T11:45:33.086+05:30  INFO [RequestBloodService,,] 16532 --- [RequestBloodService] [restartedMain] [                                                 ] c.e.user.RequestBloodServiceApplication  : Started RequestBloodServiceApplication in 30.756 seconds (process running for 33.167)
2025-08-15T11:45:33.110+05:30  INFO [RequestBloodService,,] 16532 --- [RequestBloodService] [DiscoveryClient-InstanceInfoReplicator-%d] [                                                 ] com.netflix.discovery.DiscoveryClient    : DiscoveryClient_REQUESTBLOODSERVICE/192.168.1.2:RequestBloodService:8082 - registration status: 204
2025-08-15T11:50:32.489+05:30  INFO [RequestBloodService,,] 16532 --- [RequestBloodService] [AsyncResolver-bootstrap-executor-%d] [                                                 ] c.n.d.s.r.aws.ConfigClusterResolver      : Resolving eureka endpoints via configuration
2025-08-15T11:55:32.496+05:30  INFO [RequestBloodService,,] 16532 --- [RequestBloodService] [AsyncResolver-bootstrap-executor-%d] [                                                 ] c.n.d.s.r.aws.ConfigClusterResolver      : Resolving eureka endpoints via configuration
2025-08-15T12:00:32.499+05:30  INFO [RequestBloodService,,] 16532 --- [RequestBloodService] [AsyncResolver-bootstrap-executor-%d] [                                                 ] c.n.d.s.r.aws.ConfigClusterResolver      : Resolving eureka endpoints via configuration
2025-08-15T12:04:40.943+05:30  INFO [RequestBloodService,,] 16532 --- [RequestBloodService] [RMI TCP Connection(32)-127.0.0.1] [                                                 ] inMXBeanRegistrar$SpringApplicationAdmin : Application shutdown requested.
2025-08-15T12:04:40.994+05:30  INFO [RequestBloodService,,] 16532 --- [RequestBloodService] [RMI TCP Connection(32)-127.0.0.1] [                                                 ] o.s.c.n.e.s.EurekaServiceRegistry        : Unregistering application REQUESTBLOODSERVICE with eureka with status DOWN
2025-08-15T12:04:40.995+05:30  INFO [RequestBloodService,,] 16532 --- [RequestBloodService] [RMI TCP Connection(32)-127.0.0.1] [                                                 ] com.netflix.discovery.DiscoveryClient    : Saw local status change event StatusChangeEvent [timestamp=1755239680995, current=DOWN, previous=UP]
2025-08-15T12:04:40.999+05:30  INFO [RequestBloodService,,] 16532 --- [RequestBloodService] [DiscoveryClient-InstanceInfoReplicator-%d] [                                                 ] com.netflix.discovery.DiscoveryClient    : DiscoveryClient_REQUESTBLOODSERVICE/192.168.1.2:RequestBloodService:8082: registering service...
2025-08-15T12:04:41.054+05:30  INFO [RequestBloodService,,] 16532 --- [RequestBloodService] [DiscoveryClient-InstanceInfoReplicator-%d] [                                                 ] com.netflix.discovery.DiscoveryClient    : DiscoveryClient_REQUESTBLOODSERVICE/192.168.1.2:RequestBloodService:8082 - registration status: 204
2025-08-15T12:04:41.200+05:30  INFO [RequestBloodService,,] 16532 --- [RequestBloodService] [RMI TCP Connection(32)-127.0.0.1] [                                                 ] o.s.b.w.e.tomcat.GracefulShutdown        : Commencing graceful shutdown. Waiting for active requests to complete
2025-08-15T12:04:41.233+05:30  INFO [RequestBloodService,,] 16532 --- [RequestBloodService] [tomcat-shutdown] [                                                 ] o.s.b.w.e.tomcat.GracefulShutdown        : Graceful shutdown complete
2025-08-15T12:04:41.295+05:30  INFO [RequestBloodService,,] 16532 --- [RequestBloodService] [RMI TCP Connection(32)-127.0.0.1] [                                                 ] j.LocalContainerEntityManagerFactoryBean : Closing JPA EntityManagerFactory for persistence unit 'default'
