2025-08-15T11:45:51.892+05:30  INFO [NotificationService,,] 11240 --- [NotificationService] [restartedMain] [                                                 ] c.e.user.NotificationServiceApplication  : Starting NotificationServiceApplication using Java 21.0.7 with PID 11240 (C:\Users\surface\Documents\workspace-spring-tools-for-eclipse-4.31.0.RELEASE\NotificationService\target\classes started by surface in C:\Users\surface\Documents\workspace-spring-tools-for-eclipse-4.31.0.RELEASE\NotificationService)
2025-08-15T11:45:51.903+05:30  INFO [NotificationService,,] 11240 --- [NotificationService] [restartedMain] [                                                 ] c.e.user.NotificationServiceApplication  : No active profile set, falling back to 1 default profile: "default"
2025-08-15T11:45:51.988+05:30  INFO [NotificationService,,] 11240 --- [NotificationService] [restartedMain] [                                                 ] o.s.c.c.c.ConfigServerConfigDataLoader   : Fetching config from server at : http://localhost:9092
2025-08-15T11:45:51.988+05:30  INFO [NotificationService,,] 11240 --- [NotificationService] [restartedMain] [                                                 ] o.s.c.c.c.ConfigServerConfigDataLoader   : Exception on Url - http://localhost:9092:org.springframework.web.client.ResourceAccessException: I/O error on GET request for "http://localhost:9092/NotificationService/default": Connection refused: getsockopt. Will be trying the next url if available
2025-08-15T11:45:51.988+05:30  WARN [NotificationService,,] 11240 --- [NotificationService] [restartedMain] [                                                 ] o.s.c.c.c.ConfigServerConfigDataLoader   : Could not locate PropertySource ([ConfigServerConfigDataResource@5a7a7ff4 uris = array<String>['http://localhost:9092'], optional = true, profiles = 'default']): I/O error on GET request for "http://localhost:9092/NotificationService/default": Connection refused: getsockopt
2025-08-15T11:45:51.989+05:30  INFO [NotificationService,,] 11240 --- [NotificationService] [restartedMain] [                                                 ] o.s.c.c.c.ConfigServerConfigDataLoader   : Fetching config from server at : http://localhost:9092
2025-08-15T11:45:51.989+05:30  INFO [NotificationService,,] 11240 --- [NotificationService] [restartedMain] [                                                 ] o.s.c.c.c.ConfigServerConfigDataLoader   : Exception on Url - http://localhost:9092:org.springframework.web.client.ResourceAccessException: I/O error on GET request for "http://localhost:9092/NotificationService/default": Connection refused: getsockopt. Will be trying the next url if available
2025-08-15T11:45:51.990+05:30  WARN [NotificationService,,] 11240 --- [NotificationService] [restartedMain] [                                                 ] o.s.c.c.c.ConfigServerConfigDataLoader   : Could not locate PropertySource ([ConfigServerConfigDataResource@776b2907 uris = array<String>['http://localhost:9092'], optional = true, profiles = 'default']): I/O error on GET request for "http://localhost:9092/NotificationService/default": Connection refused: getsockopt
2025-08-15T11:45:51.990+05:30  INFO [NotificationService,,] 11240 --- [NotificationService] [restartedMain] [                                                 ] o.s.c.c.c.ConfigServerConfigDataLoader   : Fetching config from server at : http://localhost:9092
2025-08-15T11:45:51.990+05:30  INFO [NotificationService,,] 11240 --- [NotificationService] [restartedMain] [                                                 ] o.s.c.c.c.ConfigServerConfigDataLoader   : Exception on Url - http://localhost:9092:org.springframework.web.client.ResourceAccessException: I/O error on GET request for "http://localhost:9092/NotificationService/default": Connection refused: getsockopt. Will be trying the next url if available
2025-08-15T11:45:51.991+05:30  WARN [NotificationService,,] 11240 --- [NotificationService] [restartedMain] [                                                 ] o.s.c.c.c.ConfigServerConfigDataLoader   : Could not locate PropertySource ([ConfigServerConfigDataResource@348789ec uris = array<String>['http://localhost:9092'], optional = true, profiles = 'default']): I/O error on GET request for "http://localhost:9092/NotificationService/default": Connection refused: getsockopt
2025-08-15T11:45:51.996+05:30  INFO [NotificationService,,] 11240 --- [NotificationService] [restartedMain] [                                                 ] .e.DevToolsPropertyDefaultsPostProcessor : Devtools property defaults active! Set 'spring.devtools.add-properties' to 'false' to disable
2025-08-15T11:45:51.997+05:30  INFO [NotificationService,,] 11240 --- [NotificationService] [restartedMain] [                                                 ] .e.DevToolsPropertyDefaultsPostProcessor : For additional web related logging consider setting the 'logging.level.web' property to 'DEBUG'
2025-08-15T11:45:55.204+05:30  INFO [NotificationService,,] 11240 --- [NotificationService] [restartedMain] [                                                 ] .s.d.r.c.RepositoryConfigurationDelegate : Bootstrapping Spring Data JPA repositories in DEFAULT mode.
2025-08-15T11:45:55.459+05:30  INFO [NotificationService,,] 11240 --- [NotificationService] [restartedMain] [                                                 ] .s.d.r.c.RepositoryConfigurationDelegate : Finished Spring Data repository scanning in 234 ms. Found 1 JPA repository interface.
2025-08-15T11:45:56.183+05:30  INFO [NotificationService,,] 11240 --- [NotificationService] [restartedMain] [                                                 ] o.s.cloud.context.scope.GenericScope     : BeanFactory id=23d1ae00-c5fb-3d7d-8778-9809acfe11c0
2025-08-15T11:45:57.835+05:30  INFO [NotificationService,,] 11240 --- [NotificationService] [restartedMain] [                                                 ] o.s.b.w.embedded.tomcat.TomcatWebServer  : Tomcat initialized with port 8083 (http)
2025-08-15T11:45:57.857+05:30  INFO [NotificationService,,] 11240 --- [NotificationService] [restartedMain] [                                                 ] o.apache.catalina.core.StandardService   : Starting service [Tomcat]
2025-08-15T11:45:57.857+05:30  INFO [NotificationService,,] 11240 --- [NotificationService] [restartedMain] [                                                 ] o.apache.catalina.core.StandardEngine    : Starting Servlet engine: [Apache Tomcat/10.1.43]
2025-08-15T11:45:57.998+05:30  INFO [NotificationService,,] 11240 --- [NotificationService] [restartedMain] [                                                 ] o.a.c.c.C.[Tomcat].[localhost].[/]       : Initializing Spring embedded WebApplicationContext
2025-08-15T11:45:57.999+05:30  INFO [NotificationService,,] 11240 --- [NotificationService] [restartedMain] [                                                 ] w.s.c.ServletWebServerApplicationContext : Root WebApplicationContext: initialization completed in 6000 ms
2025-08-15T11:46:00.147+05:30  INFO [NotificationService,,] 11240 --- [NotificationService] [restartedMain] [                                                 ] o.hibernate.jpa.internal.util.LogHelper  : HHH000204: Processing PersistenceUnitInfo [name: default]
2025-08-15T11:46:00.272+05:30  INFO [NotificationService,,] 11240 --- [NotificationService] [restartedMain] [                                                 ] org.hibernate.Version                    : HHH000412: Hibernate ORM core version 6.6.22.Final
2025-08-15T11:46:00.341+05:30  INFO [NotificationService,,] 11240 --- [NotificationService] [restartedMain] [                                                 ] o.h.c.internal.RegionFactoryInitiator    : HHH000026: Second-level cache disabled
2025-08-15T11:46:01.038+05:30  INFO [NotificationService,,] 11240 --- [NotificationService] [restartedMain] [                                                 ] o.s.o.j.p.SpringPersistenceUnitInfo      : No LoadTimeWeaver setup: ignoring JPA class transformer
2025-08-15T11:46:01.130+05:30  INFO [NotificationService,,] 11240 --- [NotificationService] [restartedMain] [                                                 ] com.zaxxer.hikari.HikariDataSource       : HikariPool-1 - Starting...
2025-08-15T11:46:01.788+05:30  INFO [NotificationService,,] 11240 --- [NotificationService] [restartedMain] [                                                 ] com.zaxxer.hikari.pool.HikariPool        : HikariPool-1 - Added connection com.mysql.cj.jdbc.ConnectionImpl@41468156
2025-08-15T11:46:01.794+05:30  INFO [NotificationService,,] 11240 --- [NotificationService] [restartedMain] [                                                 ] com.zaxxer.hikari.HikariDataSource       : HikariPool-1 - Start completed.
2025-08-15T11:46:01.911+05:30  WARN [NotificationService,,] 11240 --- [NotificationService] [restartedMain] [                                                 ] org.hibernate.orm.deprecation            : HHH90000025: MySQL8Dialect does not need to be specified explicitly using 'hibernate.dialect' (remove the property setting and it will be selected by default)
2025-08-15T11:46:01.915+05:30  WARN [NotificationService,,] 11240 --- [NotificationService] [restartedMain] [                                                 ] org.hibernate.orm.deprecation            : HHH90000026: MySQL8Dialect has been deprecated; use org.hibernate.dialect.MySQLDialect instead
2025-08-15T11:46:01.958+05:30  INFO [NotificationService,,] 11240 --- [NotificationService] [restartedMain] [                                                 ] org.hibernate.orm.connections.pooling    : HHH10001005: Database info:
	Database JDBC URL [Connecting through datasource 'HikariDataSource (HikariPool-1)']
	Database driver: undefined/unknown
	Database version: 8.0
	Autocommit mode: undefined/unknown
	Isolation level: undefined/unknown
	Minimum pool size: undefined/unknown
	Maximum pool size: undefined/unknown
2025-08-15T11:46:03.836+05:30  INFO [NotificationService,,] 11240 --- [NotificationService] [restartedMain] [                                                 ] o.h.e.t.j.p.i.JtaPlatformInitiator       : HHH000489: No JTA platform available (set 'hibernate.transaction.jta.platform' to enable JTA platform integration)
2025-08-15T11:46:04.083+05:30  INFO [NotificationService,,] 11240 --- [NotificationService] [restartedMain] [                                                 ] j.LocalContainerEntityManagerFactoryBean : Initialized JPA EntityManagerFactory for persistence unit 'default'
2025-08-15T11:46:05.487+05:30  WARN [NotificationService,,] 11240 --- [NotificationService] [restartedMain] [                                                 ] JpaBaseConfiguration$JpaWebConfiguration : spring.jpa.open-in-view is enabled by default. Therefore, database queries may be performed during view rendering. Explicitly configure spring.jpa.open-in-view to disable this warning
2025-08-15T11:46:10.563+05:30  WARN [NotificationService,,] 11240 --- [NotificationService] [restartedMain] [                                                 ] o.s.b.d.a.OptionalLiveReloadServer       : Unable to start LiveReload server
2025-08-15T11:46:10.772+05:30  INFO [NotificationService,,] 11240 --- [NotificationService] [restartedMain] [                                                 ] DiscoveryClientOptionalArgsConfiguration : Eureka HTTP Client uses RestTemplate.
2025-08-15T11:46:11.096+05:30  WARN [NotificationService,,] 11240 --- [NotificationService] [restartedMain] [                                                 ] iguration$LoadBalancerCaffeineWarnLogger : Spring Cloud LoadBalancer is currently working with the default cache. While this cache implementation is useful for development and tests, it's recommended to use Caffeine cache in production.You can switch to using Caffeine cache, by adding it and org.springframework.cache.caffeine.CaffeineCacheManager to the classpath.
2025-08-15T11:46:11.278+05:30  INFO [NotificationService,,] 11240 --- [NotificationService] [restartedMain] [                                                 ] o.s.b.a.e.web.EndpointLinksResolver      : Exposing 1 endpoint beneath base path '/actuator'
2025-08-15T11:46:11.614+05:30  INFO [NotificationService,,] 11240 --- [NotificationService] [restartedMain] [                                                 ] o.s.c.n.eureka.InstanceInfoFactory       : Setting initial instance status as: STARTING
2025-08-15T11:46:11.688+05:30  INFO [NotificationService,,] 11240 --- [NotificationService] [restartedMain] [                                                 ] com.netflix.discovery.DiscoveryClient    : Initializing Eureka in region us-east-1
2025-08-15T11:46:11.697+05:30  INFO [NotificationService,,] 11240 --- [NotificationService] [restartedMain] [                                                 ] c.n.d.s.r.aws.ConfigClusterResolver      : Resolving eureka endpoints via configuration
2025-08-15T11:46:11.722+05:30  INFO [NotificationService,,] 11240 --- [NotificationService] [restartedMain] [                                                 ] com.netflix.discovery.DiscoveryClient    : Disable delta property : false
2025-08-15T11:46:11.722+05:30  INFO [NotificationService,,] 11240 --- [NotificationService] [restartedMain] [                                                 ] com.netflix.discovery.DiscoveryClient    : Single vip registry refresh property : null
2025-08-15T11:46:11.723+05:30  INFO [NotificationService,,] 11240 --- [NotificationService] [restartedMain] [                                                 ] com.netflix.discovery.DiscoveryClient    : Force full registry fetch : false
2025-08-15T11:46:11.723+05:30  INFO [NotificationService,,] 11240 --- [NotificationService] [restartedMain] [                                                 ] com.netflix.discovery.DiscoveryClient    : Application is null : false
2025-08-15T11:46:11.723+05:30  INFO [NotificationService,,] 11240 --- [NotificationService] [restartedMain] [                                                 ] com.netflix.discovery.DiscoveryClient    : Registered Applications size is zero : true
2025-08-15T11:46:11.723+05:30  INFO [NotificationService,,] 11240 --- [NotificationService] [restartedMain] [                                                 ] com.netflix.discovery.DiscoveryClient    : Application version is -1: true
2025-08-15T11:46:11.724+05:30  INFO [NotificationService,,] 11240 --- [NotificationService] [restartedMain] [                                                 ] com.netflix.discovery.DiscoveryClient    : Getting all instance registry info from the eureka server
2025-08-15T11:46:12.353+05:30  INFO [NotificationService,,] 11240 --- [NotificationService] [restartedMain] [                                                 ] com.netflix.discovery.DiscoveryClient    : The response status is 200
2025-08-15T11:46:12.356+05:30  INFO [NotificationService,,] 11240 --- [NotificationService] [restartedMain] [                                                 ] com.netflix.discovery.DiscoveryClient    : Starting heartbeat executor: renew interval is: 30
2025-08-15T11:46:12.361+05:30  INFO [NotificationService,,] 11240 --- [NotificationService] [restartedMain] [                                                 ] c.n.discovery.InstanceInfoReplicator     : InstanceInfoReplicator onDemand update allowed rate per min is 4
2025-08-15T11:46:12.363+05:30  INFO [NotificationService,,] 11240 --- [NotificationService] [restartedMain] [                                                 ] com.netflix.discovery.DiscoveryClient    : Discovery Client initialized at timestamp 1755238572363 with initial instances count: 5
2025-08-15T11:46:12.401+05:30  INFO [NotificationService,,] 11240 --- [NotificationService] [restartedMain] [                                                 ] o.s.c.n.e.s.EurekaServiceRegistry        : Registering application NOTIFICATIONSERVICE with eureka with status UP
2025-08-15T11:46:12.402+05:30  INFO [NotificationService,,] 11240 --- [NotificationService] [restartedMain] [                                                 ] com.netflix.discovery.DiscoveryClient    : Saw local status change event StatusChangeEvent [timestamp=1755238572402, current=UP, previous=STARTING]
2025-08-15T11:46:12.407+05:30  INFO [NotificationService,,] 11240 --- [NotificationService] [DiscoveryClient-InstanceInfoReplicator-%d] [                                                 ] com.netflix.discovery.DiscoveryClient    : DiscoveryClient_NOTIFICATIONSERVICE/192.168.1.2:NotificationService:8083: registering service...
2025-08-15T11:46:12.439+05:30  INFO [NotificationService,,] 11240 --- [NotificationService] [restartedMain] [                                                 ] o.s.b.w.embedded.tomcat.TomcatWebServer  : Tomcat started on port 8083 (http) with context path '/'
2025-08-15T11:46:12.442+05:30  INFO [NotificationService,,] 11240 --- [NotificationService] [restartedMain] [                                                 ] .s.c.n.e.s.EurekaAutoServiceRegistration : Updating port to 8083
2025-08-15T11:46:12.493+05:30  INFO [NotificationService,,] 11240 --- [NotificationService] [restartedMain] [                                                 ] c.e.user.NotificationServiceApplication  : Started NotificationServiceApplication in 22.833 seconds (process running for 25.862)
2025-08-15T11:46:12.514+05:30  INFO [NotificationService,,] 11240 --- [NotificationService] [DiscoveryClient-InstanceInfoReplicator-%d] [                                                 ] com.netflix.discovery.DiscoveryClient    : DiscoveryClient_NOTIFICATIONSERVICE/192.168.1.2:NotificationService:8083 - registration status: 204
2025-08-15T11:51:11.732+05:30  INFO [NotificationService,,] 11240 --- [NotificationService] [AsyncResolver-bootstrap-executor-%d] [                                                 ] c.n.d.s.r.aws.ConfigClusterResolver      : Resolving eureka endpoints via configuration
2025-08-15T11:56:11.749+05:30  INFO [NotificationService,,] 11240 --- [NotificationService] [AsyncResolver-bootstrap-executor-%d] [                                                 ] c.n.d.s.r.aws.ConfigClusterResolver      : Resolving eureka endpoints via configuration
2025-08-15T12:01:11.765+05:30  INFO [NotificationService,,] 11240 --- [NotificationService] [AsyncResolver-bootstrap-executor-%d] [                                                 ] c.n.d.s.r.aws.ConfigClusterResolver      : Resolving eureka endpoints via configuration
2025-08-15T12:04:33.596+05:30  INFO [NotificationService,,] 11240 --- [NotificationService] [RMI TCP Connection(32)-127.0.0.1] [                                                 ] inMXBeanRegistrar$SpringApplicationAdmin : Application shutdown requested.
2025-08-15T12:04:33.630+05:30  INFO [NotificationService,,] 11240 --- [NotificationService] [RMI TCP Connection(32)-127.0.0.1] [                                                 ] o.s.c.n.e.s.EurekaServiceRegistry        : Unregistering application NOTIFICATIONSERVICE with eureka with status DOWN
2025-08-15T12:04:33.631+05:30  INFO [NotificationService,,] 11240 --- [NotificationService] [RMI TCP Connection(32)-127.0.0.1] [                                                 ] com.netflix.discovery.DiscoveryClient    : Saw local status change event StatusChangeEvent [timestamp=1755239673631, current=DOWN, previous=UP]
2025-08-15T12:04:33.634+05:30  INFO [NotificationService,,] 11240 --- [NotificationService] [DiscoveryClient-InstanceInfoReplicator-%d] [                                                 ] com.netflix.discovery.DiscoveryClient    : DiscoveryClient_NOTIFICATIONSERVICE/192.168.1.2:NotificationService:8083: registering service...
2025-08-15T12:04:33.672+05:30  INFO [NotificationService,,] 11240 --- [NotificationService] [DiscoveryClient-InstanceInfoReplicator-%d] [                                                 ] com.netflix.discovery.DiscoveryClient    : DiscoveryClient_NOTIFICATIONSERVICE/192.168.1.2:NotificationService:8083 - registration status: 204
2025-08-15T12:04:33.716+05:30  INFO [NotificationService,,] 11240 --- [NotificationService] [RMI TCP Connection(32)-127.0.0.1] [                                                 ] o.s.b.w.e.tomcat.GracefulShutdown        : Commencing graceful shutdown. Waiting for active requests to complete
2025-08-15T12:04:33.745+05:30  INFO [NotificationService,,] 11240 --- [NotificationService] [tomcat-shutdown] [                                                 ] o.s.b.w.e.tomcat.GracefulShutdown        : Graceful shutdown complete
2025-08-15T12:04:33.793+05:30  INFO [NotificationService,,] 11240 --- [NotificationService] [RMI TCP Connection(32)-127.0.0.1] [                                                 ] j.LocalContainerEntityManagerFactoryBean : Closing JPA EntityManagerFactory for persistence unit 'default'
2025-08-15T12:04:33.830+05:30  INFO [NotificationService,,] 11240 --- [NotificationService] [RMI TCP Connection(32)-127.0.0.1] [                                                 ] com.zaxxer.hikari.HikariDataSource       : HikariPool-1 - Shutdown initiated...
2025-08-15T12:04:33.857+05:30  INFO [NotificationService,,] 11240 --- [NotificationService] [RMI TCP Connection(32)-127.0.0.1] [                                                 ] com.zaxxer.hikari.HikariDataSource       : HikariPool-1 - Shutdown completed.
2025-08-15T12:04:34.402+05:30  INFO [NotificationService,,] 11240 --- [NotificationService] [RMI TCP Connection(32)-127.0.0.1] [                                                 ] com.netflix.discovery.DiscoveryClient    : Shutting down DiscoveryClient ...
2025-08-15T12:04:37.408+05:30  INFO [NotificationService,,] 11240 --- [NotificationService] [RMI TCP Connection(32)-127.0.0.1] [                                                 ] com.netflix.discovery.DiscoveryClient    : Unregistering ...
2025-08-15T12:04:37.430+05:30  INFO [NotificationService,,] 11240 --- [NotificationService] [RMI TCP Connection(32)-127.0.0.1] [                                                 ] com.netflix.discovery.DiscoveryClient    : DiscoveryClient_NOTIFICATIONSERVICE/192.168.1.2:NotificationService:8083 - deregister  status: 200
2025-08-15T12:04:37.431+05:30  INFO [NotificationService,,] 11240 --- [NotificationService] [RMI TCP Connection(32)-127.0.0.1] [                                                 ] com.netflix.discovery.DiscoveryClient    : Completed shut down of DiscoveryClient
